<?xml version="1.0" encoding="UTF-8"?>
<!-- Generated by org.testng.reporters.JUnitReportReporter -->
<testsuite hostname="Ratan" failures="0" tests="1" name="Maven.First_program" time="25.725" errors="0" timestamp="2023-04-13T14:37:19 IST" skipped="0">
  <testcase classname="Maven.First_program" name="script" time="25.725"/>
  <system-out/>
</testsuite> <!-- Maven.First_program -->
